{"D:\\Lucky_Learnings\\Namasthe_React\\src\\components\\BodyComponent.js": {"path":"D:\\Lucky_Learnings\\Namasthe_React\\src\\components\\BodyComponent.js","statementMap":{"0":{"start":{"line":8,"column":22},"end":{"line":87,"column":1}},"1":{"start":{"line":9,"column":50},"end":{"line":9,"column":62}},"2":{"start":{"line":10,"column":54},"end":{"line":10,"column":66}},"3":{"start":{"line":11,"column":38},"end":{"line":11,"column":51}},"4":{"start":{"line":12,"column":32},"end":{"line":12,"column":74}},"5":{"start":{"line":14,"column":2},"end":{"line":18,"column":4}},"6":{"start":{"line":15,"column":4},"end":{"line":15,"column":16}},"7":{"start":{"line":20,"column":18},"end":{"line":35,"column":1}},"8":{"start":{"line":26,"column":15},"end":{"line":26,"column":86}},"9":{"start":{"line":27,"column":15},"end":{"line":27,"column":32}},"10":{"start":{"line":28,"column":2},"end":{"line":28,"column":20}},"11":{"start":{"line":29,"column":25},"end":{"line":29,"column":92}},"12":{"start":{"line":30,"column":2},"end":{"line":30,"column":10}},"13":{"start":{"line":31,"column":2},"end":{"line":31,"column":37}},"14":{"start":{"line":32,"column":2},"end":{"line":32,"column":39}},"15":{"start":{"line":37,"column":19},"end":{"line":37,"column":36}},"16":{"start":{"line":39,"column":0},"end":{"line":40,"column":29}},"17":{"start":{"line":40,"column":2},"end":{"line":40,"column":29}},"18":{"start":{"line":41,"column":0},"end":{"line":86,"column":4}},"19":{"start":{"line":42,"column":2},"end":{"line":42,"column":59}},"20":{"start":{"line":44,"column":2},"end":{"line":86,"column":4}},"21":{"start":{"line":49,"column":12},"end":{"line":49,"column":41}},"22":{"start":{"line":54,"column":37},"end":{"line":56,"column":13}},"23":{"start":{"line":55,"column":16},"end":{"line":55,"column":78}},"24":{"start":{"line":58,"column":12},"end":{"line":58,"column":53}},"25":{"start":{"line":65,"column":33},"end":{"line":67,"column":13}},"26":{"start":{"line":66,"column":23},"end":{"line":66,"column":47}},"27":{"start":{"line":68,"column":12},"end":{"line":68,"column":48}},"28":{"start":{"line":77,"column":9},"end":{"line":82,"column":15}}},"fnMap":{"0":{"name":"(anonymous_0)","decl":{"start":{"line":8,"column":22},"end":{"line":8,"column":23}},"loc":{"start":{"line":8,"column":28},"end":{"line":87,"column":1}},"line":8},"1":{"name":"(anonymous_1)","decl":{"start":{"line":14,"column":12},"end":{"line":14,"column":13}},"loc":{"start":{"line":14,"column":16},"end":{"line":16,"column":3}},"line":14},"2":{"name":"(anonymous_2)","decl":{"start":{"line":20,"column":18},"end":{"line":20,"column":19}},"loc":{"start":{"line":20,"column":30},"end":{"line":35,"column":1}},"line":20},"3":{"name":"(anonymous_3)","decl":{"start":{"line":48,"column":131},"end":{"line":48,"column":132}},"loc":{"start":{"line":48,"column":137},"end":{"line":50,"column":11}},"line":48},"4":{"name":"(anonymous_4)","decl":{"start":{"line":51,"column":78},"end":{"line":51,"column":79}},"loc":{"start":{"line":51,"column":84},"end":{"line":59,"column":11}},"line":51},"5":{"name":"(anonymous_5)","decl":{"start":{"line":54,"column":61},"end":{"line":54,"column":62}},"loc":{"start":{"line":55,"column":16},"end":{"line":55,"column":78}},"line":55},"6":{"name":"(anonymous_6)","decl":{"start":{"line":64,"column":19},"end":{"line":64,"column":20}},"loc":{"start":{"line":64,"column":25},"end":{"line":69,"column":11}},"line":64},"7":{"name":"(anonymous_7)","decl":{"start":{"line":66,"column":14},"end":{"line":66,"column":15}},"loc":{"start":{"line":66,"column":23},"end":{"line":66,"column":47}},"line":66},"8":{"name":"(anonymous_8)","decl":{"start":{"line":76,"column":32},"end":{"line":76,"column":33}},"loc":{"start":{"line":77,"column":9},"end":{"line":82,"column":15}},"line":77}},"branchMap":{"0":{"loc":{"start":{"line":39,"column":0},"end":{"line":40,"column":29}},"type":"if","locations":[{"start":{"line":39,"column":0},"end":{"line":40,"column":29}},{"start":{},"end":{}}],"line":39},"1":{"loc":{"start":{"line":41,"column":0},"end":{"line":86,"column":4}},"type":"if","locations":[{"start":{"line":41,"column":0},"end":{"line":86,"column":4}},{"start":{"line":44,"column":2},"end":{"line":86,"column":4}}],"line":41},"2":{"loc":{"start":{"line":79,"column":9},"end":{"line":79,"column":154}},"type":"cond-expr","locations":[{"start":{"line":79,"column":44},"end":{"line":79,"column":91}},{"start":{"line":79,"column":93},"end":{"line":79,"column":154}}],"line":79}},"s":{"0":1,"1":8,"2":7,"3":7,"4":7,"5":7,"6":2,"7":7,"8":2,"9":2,"10":2,"11":2,"12":2,"13":2,"14":2,"15":7,"16":7,"17":2,"18":5,"19":0,"20":5,"21":1,"22":1,"23":8,"24":1,"25":1,"26":8,"27":1,"28":27},"f":{"0":8,"1":2,"2":2,"3":1,"4":1,"5":8,"6":1,"7":8,"8":27},"b":{"0":[2,5],"1":[0,5],"2":[0,27]},"_coverageSchema":"1a1c01bbd47fc00a2c39e90264f33305004495a9","hash":"e707d00a4e66d185b5c5efd9d30f98444589bb7b"}
,"D:\\Lucky_Learnings\\Namasthe_React\\src\\components\\Contact.js": {"path":"D:\\Lucky_Learnings\\Namasthe_React\\src\\components\\Contact.js","statementMap":{"0":{"start":{"line":1,"column":16},"end":{"line":11,"column":1}},"1":{"start":{"line":2,"column":2},"end":{"line":10,"column":11}}},"fnMap":{"0":{"name":"(anonymous_0)","decl":{"start":{"line":1,"column":16},"end":{"line":1,"column":17}},"loc":{"start":{"line":1,"column":22},"end":{"line":11,"column":1}},"line":1}},"branchMap":{},"s":{"0":1,"1":4},"f":{"0":4},"b":{},"_coverageSchema":"1a1c01bbd47fc00a2c39e90264f33305004495a9","hash":"a6824763da46e1649b2d519a0c03bba5748bab72"}
,"D:\\Lucky_Learnings\\Namasthe_React\\src\\components\\HeaderComponent.js": {"path":"D:\\Lucky_Learnings\\Namasthe_React\\src\\components\\HeaderComponent.js","statementMap":{"0":{"start":{"line":7,"column":24},"end":{"line":43,"column":2}},"1":{"start":{"line":9,"column":34},"end":{"line":9,"column":51}},"2":{"start":{"line":10,"column":25},"end":{"line":10,"column":42}},"3":{"start":{"line":13,"column":22},"end":{"line":13,"column":62}},"4":{"start":{"line":13,"column":45},"end":{"line":13,"column":61}},"5":{"start":{"line":17,"column":4},"end":{"line":42,"column":13}},"6":{"start":{"line":38,"column":11},"end":{"line":38,"column":76}}},"fnMap":{"0":{"name":"(anonymous_0)","decl":{"start":{"line":7,"column":24},"end":{"line":7,"column":25}},"loc":{"start":{"line":7,"column":30},"end":{"line":43,"column":2}},"line":7},"1":{"name":"(anonymous_1)","decl":{"start":{"line":13,"column":34},"end":{"line":13,"column":35}},"loc":{"start":{"line":13,"column":45},"end":{"line":13,"column":61}},"line":13},"2":{"name":"(anonymous_2)","decl":{"start":{"line":37,"column":69},"end":{"line":37,"column":70}},"loc":{"start":{"line":37,"column":75},"end":{"line":39,"column":10}},"line":37}},"branchMap":{"0":{"loc":{"start":{"line":24,"column":11},"end":{"line":24,"column":37}},"type":"cond-expr","locations":[{"start":{"line":24,"column":26},"end":{"line":24,"column":30}},{"start":{"line":24,"column":33},"end":{"line":24,"column":37}}],"line":24},"1":{"loc":{"start":{"line":38,"column":11},"end":{"line":38,"column":75}},"type":"cond-expr","locations":[{"start":{"line":38,"column":32},"end":{"line":38,"column":52}},{"start":{"line":38,"column":56},"end":{"line":38,"column":75}}],"line":38}},"s":{"0":2,"1":6,"2":6,"3":6,"4":11,"5":6,"6":1},"f":{"0":6,"1":11,"2":1},"b":{"0":[6,0],"1":[1,0]},"_coverageSchema":"1a1c01bbd47fc00a2c39e90264f33305004495a9","hash":"75361b94f4f76d787e74e77b046852ec49d8d354"}
,"D:\\Lucky_Learnings\\Namasthe_React\\src\\components\\RestaruntCategory.js": {"path":"D:\\Lucky_Learnings\\Namasthe_React\\src\\components\\RestaruntCategory.js","statementMap":{"0":{"start":{"line":3,"column":26},"end":{"line":24,"column":1}},"1":{"start":{"line":6,"column":24},"end":{"line":8,"column":5}},"2":{"start":{"line":7,"column":8},"end":{"line":7,"column":23}},"3":{"start":{"line":10,"column":4},"end":{"line":23,"column":15}}},"fnMap":{"0":{"name":"(anonymous_0)","decl":{"start":{"line":3,"column":26},"end":{"line":3,"column":27}},"loc":{"start":{"line":3,"column":63},"end":{"line":24,"column":1}},"line":3},"1":{"name":"(anonymous_1)","decl":{"start":{"line":6,"column":24},"end":{"line":6,"column":25}},"loc":{"start":{"line":6,"column":30},"end":{"line":8,"column":5}},"line":6}},"branchMap":{"0":{"loc":{"start":{"line":18,"column":13},"end":{"line":18,"column":62}},"type":"binary-expr","locations":[{"start":{"line":18,"column":13},"end":{"line":18,"column":22}},{"start":{"line":18,"column":27},"end":{"line":18,"column":62}}],"line":18}},"s":{"0":1,"1":0,"2":0,"3":0},"f":{"0":0,"1":0},"b":{"0":[0,0]},"_coverageSchema":"1a1c01bbd47fc00a2c39e90264f33305004495a9","hash":"96b8a27b622c4802a4822965d28664859cac0500"}
,"D:\\Lucky_Learnings\\Namasthe_React\\src\\components\\RestaruntMenu.js": {"path":"D:\\Lucky_Learnings\\Namasthe_React\\src\\components\\RestaruntMenu.js","statementMap":{"0":{"start":{"line":8,"column":22},"end":{"line":45,"column":1}},"1":{"start":{"line":9,"column":15},"end":{"line":9,"column":26}},"2":{"start":{"line":11,"column":14},"end":{"line":11,"column":23}},"3":{"start":{"line":13,"column":16},"end":{"line":13,"column":39}},"4":{"start":{"line":15,"column":36},"end":{"line":15,"column":47}},"5":{"start":{"line":17,"column":2},"end":{"line":17,"column":22}},"6":{"start":{"line":18,"column":2},"end":{"line":18,"column":42}},"7":{"start":{"line":18,"column":23},"end":{"line":18,"column":42}},"8":{"start":{"line":21,"column":4},"end":{"line":21,"column":48}},"9":{"start":{"line":24,"column":4},"end":{"line":28,"column":5}},"10":{"start":{"line":26,"column":8},"end":{"line":27,"column":70}},"11":{"start":{"line":30,"column":2},"end":{"line":44,"column":4}},"12":{"start":{"line":36,"column":8},"end":{"line":41,"column":10}},"13":{"start":{"line":40,"column":30},"end":{"line":40,"column":49}}},"fnMap":{"0":{"name":"(anonymous_0)","decl":{"start":{"line":8,"column":22},"end":{"line":8,"column":23}},"loc":{"start":{"line":8,"column":28},"end":{"line":45,"column":1}},"line":8},"1":{"name":"(anonymous_1)","decl":{"start":{"line":25,"column":6},"end":{"line":25,"column":7}},"loc":{"start":{"line":26,"column":8},"end":{"line":27,"column":70}},"line":26},"2":{"name":"(anonymous_2)","decl":{"start":{"line":35,"column":22},"end":{"line":35,"column":23}},"loc":{"start":{"line":36,"column":8},"end":{"line":41,"column":10}},"line":36},"3":{"name":"(anonymous_3)","decl":{"start":{"line":40,"column":24},"end":{"line":40,"column":25}},"loc":{"start":{"line":40,"column":30},"end":{"line":40,"column":49}},"line":40}},"branchMap":{"0":{"loc":{"start":{"line":18,"column":2},"end":{"line":18,"column":42}},"type":"if","locations":[{"start":{"line":18,"column":2},"end":{"line":18,"column":42}},{"start":{},"end":{}}],"line":18}},"s":{"0":1,"1":5,"2":4,"3":4,"4":0,"5":0,"6":0,"7":0,"8":0,"9":0,"10":0,"11":0,"12":0,"13":0},"f":{"0":5,"1":0,"2":0,"3":0},"b":{"0":[0,0]},"_coverageSchema":"1a1c01bbd47fc00a2c39e90264f33305004495a9","hash":"bd31a9afa07a8f864c73831a9b3f39c418688b1f"}
,"D:\\Lucky_Learnings\\Namasthe_React\\src\\components\\RestaurantCardComponent.js": {"path":"D:\\Lucky_Learnings\\Namasthe_React\\src\\components\\RestaurantCardComponent.js","statementMap":{"0":{"start":{"line":18,"column":39},"end":{"line":31,"column":1}},"1":{"start":{"line":19,"column":2},"end":{"line":19,"column":10}},"2":{"start":{"line":20,"column":2},"end":{"line":20,"column":20}},"3":{"start":{"line":21,"column":21},"end":{"line":21,"column":26}},"4":{"start":{"line":22,"column":68},"end":{"line":22,"column":78}},"5":{"start":{"line":23,"column":4},"end":{"line":30,"column":5}},"6":{"start":{"line":35,"column":33},"end":{"line":45,"column":1}},"7":{"start":{"line":36,"column":2},"end":{"line":43,"column":3}},"8":{"start":{"line":37,"column":4},"end":{"line":42,"column":5}}},"fnMap":{"0":{"name":"(anonymous_0)","decl":{"start":{"line":18,"column":39},"end":{"line":18,"column":40}},"loc":{"start":{"line":18,"column":50},"end":{"line":31,"column":1}},"line":18},"1":{"name":"(anonymous_1)","decl":{"start":{"line":35,"column":33},"end":{"line":35,"column":34}},"loc":{"start":{"line":35,"column":62},"end":{"line":45,"column":1}},"line":35},"2":{"name":"(anonymous_2)","decl":{"start":{"line":36,"column":8},"end":{"line":36,"column":9}},"loc":{"start":{"line":36,"column":19},"end":{"line":43,"column":3}},"line":36}},"branchMap":{},"s":{"0":2,"1":28,"2":28,"3":28,"4":28,"5":28,"6":2,"7":7,"8":0},"f":{"0":28,"1":7,"2":0},"b":{},"_coverageSchema":"1a1c01bbd47fc00a2c39e90264f33305004495a9","hash":"75fd8a0815f8afc9cd3e7f4057a3d201ad0e725d"}
,"D:\\Lucky_Learnings\\Namasthe_React\\src\\components\\ShimmerComponent.js": {"path":"D:\\Lucky_Learnings\\Namasthe_React\\src\\components\\ShimmerComponent.js","statementMap":{"0":{"start":{"line":3,"column":25},"end":{"line":12,"column":1}},"1":{"start":{"line":4,"column":4},"end":{"line":11,"column":5}}},"fnMap":{"0":{"name":"(anonymous_0)","decl":{"start":{"line":3,"column":25},"end":{"line":3,"column":26}},"loc":{"start":{"line":3,"column":31},"end":{"line":12,"column":1}},"line":3}},"branchMap":{},"s":{"0":2,"1":2},"f":{"0":2},"b":{},"_coverageSchema":"1a1c01bbd47fc00a2c39e90264f33305004495a9","hash":"1cded07bb01889b8b74aced0bad3d7f04677fa37"}
,"D:\\Lucky_Learnings\\Namasthe_React\\src\\components\\itemList.js": {"path":"D:\\Lucky_Learnings\\Namasthe_React\\src\\components\\itemList.js","statementMap":{"0":{"start":{"line":4,"column":17},"end":{"line":34,"column":1}},"1":{"start":{"line":6,"column":21},"end":{"line":6,"column":34}},"2":{"start":{"line":7,"column":26},"end":{"line":10,"column":5}},"3":{"start":{"line":9,"column":8},"end":{"line":9,"column":32}},"4":{"start":{"line":11,"column":2},"end":{"line":33,"column":4}},"5":{"start":{"line":14,"column":8},"end":{"line":30,"column":14}},"6":{"start":{"line":21,"column":39},"end":{"line":21,"column":58}}},"fnMap":{"0":{"name":"(anonymous_0)","decl":{"start":{"line":4,"column":17},"end":{"line":4,"column":18}},"loc":{"start":{"line":4,"column":32},"end":{"line":34,"column":1}},"line":4},"1":{"name":"(anonymous_1)","decl":{"start":{"line":7,"column":26},"end":{"line":7,"column":27}},"loc":{"start":{"line":7,"column":35},"end":{"line":10,"column":5}},"line":7},"2":{"name":"(anonymous_2)","decl":{"start":{"line":13,"column":17},"end":{"line":13,"column":18}},"loc":{"start":{"line":14,"column":8},"end":{"line":30,"column":14}},"line":14},"3":{"name":"(anonymous_3)","decl":{"start":{"line":21,"column":33},"end":{"line":21,"column":34}},"loc":{"start":{"line":21,"column":39},"end":{"line":21,"column":58}},"line":21}},"branchMap":{},"s":{"0":1,"1":0,"2":0,"3":0,"4":0,"5":0,"6":0},"f":{"0":0,"1":0,"2":0,"3":0},"b":{},"_coverageSchema":"1a1c01bbd47fc00a2c39e90264f33305004495a9","hash":"3e0779e1f7b0f83f391ada28b65d7b0f63587f80"}
,"D:\\Lucky_Learnings\\Namasthe_React\\src\\components\\sum.js": {"path":"D:\\Lucky_Learnings\\Namasthe_React\\src\\components\\sum.js","statementMap":{"0":{"start":{"line":1,"column":19},"end":{"line":3,"column":1}},"1":{"start":{"line":2,"column":4},"end":{"line":2,"column":15}}},"fnMap":{"0":{"name":"(anonymous_0)","decl":{"start":{"line":1,"column":19},"end":{"line":1,"column":20}},"loc":{"start":{"line":1,"column":28},"end":{"line":3,"column":1}},"line":1}},"branchMap":{},"s":{"0":1,"1":1},"f":{"0":1},"b":{},"_coverageSchema":"1a1c01bbd47fc00a2c39e90264f33305004495a9","hash":"3fe281fe45faef024d3b6e17ac67266fbc91ca18"}
,"D:\\Lucky_Learnings\\Namasthe_React\\src\\utils\\appStore.js": {"path":"D:\\Lucky_Learnings\\Namasthe_React\\src\\utils\\appStore.js","statementMap":{"0":{"start":{"line":4,"column":17},"end":{"line":9,"column":2}}},"fnMap":{},"branchMap":{},"s":{"0":2},"f":{},"b":{},"_coverageSchema":"1a1c01bbd47fc00a2c39e90264f33305004495a9","hash":"ca422c235451cf2c304ae787fca8770bee548dbc"}
,"D:\\Lucky_Learnings\\Namasthe_React\\src\\utils\\cartSlice.js": {"path":"D:\\Lucky_Learnings\\Namasthe_React\\src\\utils\\cartSlice.js","statementMap":{"0":{"start":{"line":4,"column":18},"end":{"line":21,"column":2}},"1":{"start":{"line":11,"column":12},"end":{"line":11,"column":44}},"2":{"start":{"line":14,"column":12},"end":{"line":14,"column":30}},"3":{"start":{"line":17,"column":12},"end":{"line":17,"column":35}},"4":{"start":{"line":23,"column":48},"end":{"line":23,"column":65}}},"fnMap":{"0":{"name":"(anonymous_0)","decl":{"start":{"line":10,"column":18},"end":{"line":10,"column":19}},"loc":{"start":{"line":10,"column":37},"end":{"line":12,"column":9}},"line":10},"1":{"name":"(anonymous_1)","decl":{"start":{"line":13,"column":21},"end":{"line":13,"column":22}},"loc":{"start":{"line":13,"column":32},"end":{"line":15,"column":9}},"line":13},"2":{"name":"(anonymous_2)","decl":{"start":{"line":16,"column":20},"end":{"line":16,"column":21}},"loc":{"start":{"line":16,"column":31},"end":{"line":18,"column":9}},"line":16}},"branchMap":{},"s":{"0":2,"1":0,"2":0,"3":0,"4":2},"f":{"0":0,"1":0,"2":0},"b":{},"_coverageSchema":"1a1c01bbd47fc00a2c39e90264f33305004495a9","hash":"f4a149b522dbbb942bf7e7df98a19a83d91ad43e"}
,"D:\\Lucky_Learnings\\Namasthe_React\\src\\utils\\constants.js": {"path":"D:\\Lucky_Learnings\\Namasthe_React\\src\\utils\\constants.js","statementMap":{"0":{"start":{"line":1,"column":24},"end":{"line":1,"column":143}},"1":{"start":{"line":3,"column":23},"end":{"line":3,"column":77}}},"fnMap":{},"branchMap":{},"s":{"0":4,"1":4},"f":{},"b":{},"_coverageSchema":"1a1c01bbd47fc00a2c39e90264f33305004495a9","hash":"43bd8e05ce9a0ed2f7d3cd80ab31de60a68981c6"}
,"D:\\Lucky_Learnings\\Namasthe_React\\src\\utils\\mockRestaruntMenu.js": {"path":"D:\\Lucky_Learnings\\Namasthe_React\\src\\utils\\mockRestaruntMenu.js","statementMap":{"0":{"start":{"line":1,"column":23},"end":{"line":31879,"column":1}}},"fnMap":{},"branchMap":{},"s":{"0":1},"f":{},"b":{},"_coverageSchema":"1a1c01bbd47fc00a2c39e90264f33305004495a9","hash":"a93d2ac716dfcaafa804fe6134d2777c465f4a01"}
,"D:\\Lucky_Learnings\\Namasthe_React\\src\\utils\\useOnlineStatus.js": {"path":"D:\\Lucky_Learnings\\Namasthe_React\\src\\utils\\useOnlineStatus.js","statementMap":{"0":{"start":{"line":5,"column":24},"end":{"line":18,"column":1}},"1":{"start":{"line":7,"column":44},"end":{"line":7,"column":58}},"2":{"start":{"line":9,"column":4},"end":{"line":11,"column":6}},"3":{"start":{"line":10,"column":8},"end":{"line":10,"column":31}},"4":{"start":{"line":13,"column":4},"end":{"line":15,"column":6}},"5":{"start":{"line":14,"column":8},"end":{"line":14,"column":30}},"6":{"start":{"line":17,"column":4},"end":{"line":17,"column":24}}},"fnMap":{"0":{"name":"(anonymous_0)","decl":{"start":{"line":5,"column":24},"end":{"line":5,"column":25}},"loc":{"start":{"line":5,"column":30},"end":{"line":18,"column":1}},"line":5},"1":{"name":"(anonymous_1)","decl":{"start":{"line":9,"column":39},"end":{"line":9,"column":40}},"loc":{"start":{"line":9,"column":43},"end":{"line":11,"column":5}},"line":9},"2":{"name":"(anonymous_2)","decl":{"start":{"line":13,"column":38},"end":{"line":13,"column":39}},"loc":{"start":{"line":13,"column":42},"end":{"line":15,"column":5}},"line":13}},"branchMap":{},"s":{"0":3,"1":13,"2":13,"3":0,"4":13,"5":0,"6":13},"f":{"0":13,"1":0,"2":0},"b":{},"_coverageSchema":"1a1c01bbd47fc00a2c39e90264f33305004495a9","hash":"b67b70cb06ec0b437124fbcc5e5a09e64166e6a7"}
,"D:\\Lucky_Learnings\\Namasthe_React\\src\\utils\\useRestaruntMenu.js": {"path":"D:\\Lucky_Learnings\\Namasthe_React\\src\\utils\\useRestaruntMenu.js","statementMap":{"0":{"start":{"line":5,"column":25},"end":{"line":19,"column":1}},"1":{"start":{"line":6,"column":18},"end":{"line":6,"column":23}},"2":{"start":{"line":7,"column":4},"end":{"line":9,"column":9}},"3":{"start":{"line":8,"column":8},"end":{"line":8,"column":20}},"4":{"start":{"line":11,"column":22},"end":{"line":15,"column":7}},"5":{"start":{"line":12,"column":21},"end":{"line":14,"column":8}},"6":{"start":{"line":17,"column":6},"end":{"line":17,"column":21}}},"fnMap":{"0":{"name":"(anonymous_0)","decl":{"start":{"line":5,"column":25},"end":{"line":5,"column":26}},"loc":{"start":{"line":5,"column":36},"end":{"line":19,"column":1}},"line":5},"1":{"name":"(anonymous_1)","decl":{"start":{"line":7,"column":14},"end":{"line":7,"column":15}},"loc":{"start":{"line":7,"column":20},"end":{"line":9,"column":7}},"line":7},"2":{"name":"(anonymous_2)","decl":{"start":{"line":11,"column":22},"end":{"line":11,"column":23}},"loc":{"start":{"line":11,"column":34},"end":{"line":15,"column":7}},"line":11}},"branchMap":{},"s":{"0":1,"1":4,"2":0,"3":0,"4":0,"5":0,"6":0},"f":{"0":4,"1":0,"2":0},"b":{},"_coverageSchema":"1a1c01bbd47fc00a2c39e90264f33305004495a9","hash":"5c6aeff51bb0a37407afd6b26bb86d661bed180a"}
}
