{"D:\\Lucky_Learnings\\Namasthe_React\\src\\components\\Contact.js": {"path":"D:\\Lucky_Learnings\\Namasthe_React\\src\\components\\Contact.js","statementMap":{"0":{"start":{"line":1,"column":16},"end":{"line":11,"column":1}},"1":{"start":{"line":2,"column":2},"end":{"line":10,"column":11}}},"fnMap":{"0":{"name":"(anonymous_0)","decl":{"start":{"line":1,"column":16},"end":{"line":1,"column":17}},"loc":{"start":{"line":1,"column":22},"end":{"line":11,"column":1}},"line":1}},"branchMap":{},"s":{"0":1,"1":4},"f":{"0":4},"b":{},"_coverageSchema":"1a1c01bbd47fc00a2c39e90264f33305004495a9","hash":"a6824763da46e1649b2d519a0c03bba5748bab72"}
,"D:\\Lucky_Learnings\\Namasthe_React\\src\\components\\HeaderComponent.js": {"path":"D:\\Lucky_Learnings\\Namasthe_React\\src\\components\\HeaderComponent.js","statementMap":{"0":{"start":{"line":7,"column":24},"end":{"line":43,"column":2}},"1":{"start":{"line":9,"column":34},"end":{"line":9,"column":51}},"2":{"start":{"line":10,"column":25},"end":{"line":10,"column":42}},"3":{"start":{"line":13,"column":22},"end":{"line":13,"column":62}},"4":{"start":{"line":13,"column":45},"end":{"line":13,"column":61}},"5":{"start":{"line":17,"column":4},"end":{"line":42,"column":13}},"6":{"start":{"line":38,"column":11},"end":{"line":38,"column":76}}},"fnMap":{"0":{"name":"(anonymous_0)","decl":{"start":{"line":7,"column":24},"end":{"line":7,"column":25}},"loc":{"start":{"line":7,"column":30},"end":{"line":43,"column":2}},"line":7},"1":{"name":"(anonymous_1)","decl":{"start":{"line":13,"column":34},"end":{"line":13,"column":35}},"loc":{"start":{"line":13,"column":45},"end":{"line":13,"column":61}},"line":13},"2":{"name":"(anonymous_2)","decl":{"start":{"line":37,"column":69},"end":{"line":37,"column":70}},"loc":{"start":{"line":37,"column":75},"end":{"line":39,"column":10}},"line":37}},"branchMap":{"0":{"loc":{"start":{"line":24,"column":11},"end":{"line":24,"column":37}},"type":"cond-expr","locations":[{"start":{"line":24,"column":26},"end":{"line":24,"column":30}},{"start":{"line":24,"column":33},"end":{"line":24,"column":37}}],"line":24},"1":{"loc":{"start":{"line":38,"column":11},"end":{"line":38,"column":75}},"type":"cond-expr","locations":[{"start":{"line":38,"column":32},"end":{"line":38,"column":52}},{"start":{"line":38,"column":56},"end":{"line":38,"column":75}}],"line":38}},"s":{"0":1,"1":4,"2":4,"3":4,"4":7,"5":4,"6":1},"f":{"0":4,"1":7,"2":1},"b":{"0":[4,0],"1":[1,0]},"_coverageSchema":"1a1c01bbd47fc00a2c39e90264f33305004495a9","hash":"75361b94f4f76d787e74e77b046852ec49d8d354"}
,"D:\\Lucky_Learnings\\Namasthe_React\\src\\components\\RestaurantCardComponent.js": {"path":"D:\\Lucky_Learnings\\Namasthe_React\\src\\components\\RestaurantCardComponent.js","statementMap":{"0":{"start":{"line":18,"column":39},"end":{"line":31,"column":1}},"1":{"start":{"line":19,"column":2},"end":{"line":19,"column":10}},"2":{"start":{"line":20,"column":2},"end":{"line":20,"column":20}},"3":{"start":{"line":21,"column":21},"end":{"line":21,"column":26}},"4":{"start":{"line":22,"column":68},"end":{"line":22,"column":78}},"5":{"start":{"line":23,"column":4},"end":{"line":30,"column":5}},"6":{"start":{"line":35,"column":33},"end":{"line":45,"column":1}},"7":{"start":{"line":36,"column":2},"end":{"line":43,"column":3}},"8":{"start":{"line":37,"column":4},"end":{"line":42,"column":5}}},"fnMap":{"0":{"name":"(anonymous_0)","decl":{"start":{"line":18,"column":39},"end":{"line":18,"column":40}},"loc":{"start":{"line":18,"column":50},"end":{"line":31,"column":1}},"line":18},"1":{"name":"(anonymous_1)","decl":{"start":{"line":35,"column":33},"end":{"line":35,"column":34}},"loc":{"start":{"line":35,"column":62},"end":{"line":45,"column":1}},"line":35},"2":{"name":"(anonymous_2)","decl":{"start":{"line":36,"column":8},"end":{"line":36,"column":9}},"loc":{"start":{"line":36,"column":19},"end":{"line":43,"column":3}},"line":36}},"branchMap":{},"s":{"0":1,"1":1,"2":1,"3":1,"4":1,"5":1,"6":1,"7":0,"8":0},"f":{"0":1,"1":0,"2":0},"b":{},"_coverageSchema":"1a1c01bbd47fc00a2c39e90264f33305004495a9","hash":"75fd8a0815f8afc9cd3e7f4057a3d201ad0e725d"}
,"D:\\Lucky_Learnings\\Namasthe_React\\src\\components\\sum.js": {"path":"D:\\Lucky_Learnings\\Namasthe_React\\src\\components\\sum.js","statementMap":{"0":{"start":{"line":1,"column":19},"end":{"line":3,"column":1}},"1":{"start":{"line":2,"column":4},"end":{"line":2,"column":15}}},"fnMap":{"0":{"name":"(anonymous_0)","decl":{"start":{"line":1,"column":19},"end":{"line":1,"column":20}},"loc":{"start":{"line":1,"column":28},"end":{"line":3,"column":1}},"line":1}},"branchMap":{},"s":{"0":1,"1":1},"f":{"0":1},"b":{},"_coverageSchema":"1a1c01bbd47fc00a2c39e90264f33305004495a9","hash":"3fe281fe45faef024d3b6e17ac67266fbc91ca18"}
,"D:\\Lucky_Learnings\\Namasthe_React\\src\\utils\\appStore.js": {"path":"D:\\Lucky_Learnings\\Namasthe_React\\src\\utils\\appStore.js","statementMap":{"0":{"start":{"line":4,"column":17},"end":{"line":9,"column":2}}},"fnMap":{},"branchMap":{},"s":{"0":1},"f":{},"b":{},"_coverageSchema":"1a1c01bbd47fc00a2c39e90264f33305004495a9","hash":"ca422c235451cf2c304ae787fca8770bee548dbc"}
,"D:\\Lucky_Learnings\\Namasthe_React\\src\\utils\\cartSlice.js": {"path":"D:\\Lucky_Learnings\\Namasthe_React\\src\\utils\\cartSlice.js","statementMap":{"0":{"start":{"line":4,"column":18},"end":{"line":21,"column":2}},"1":{"start":{"line":11,"column":12},"end":{"line":11,"column":44}},"2":{"start":{"line":14,"column":12},"end":{"line":14,"column":30}},"3":{"start":{"line":17,"column":12},"end":{"line":17,"column":35}},"4":{"start":{"line":23,"column":48},"end":{"line":23,"column":65}}},"fnMap":{"0":{"name":"(anonymous_0)","decl":{"start":{"line":10,"column":18},"end":{"line":10,"column":19}},"loc":{"start":{"line":10,"column":37},"end":{"line":12,"column":9}},"line":10},"1":{"name":"(anonymous_1)","decl":{"start":{"line":13,"column":21},"end":{"line":13,"column":22}},"loc":{"start":{"line":13,"column":32},"end":{"line":15,"column":9}},"line":13},"2":{"name":"(anonymous_2)","decl":{"start":{"line":16,"column":20},"end":{"line":16,"column":21}},"loc":{"start":{"line":16,"column":31},"end":{"line":18,"column":9}},"line":16}},"branchMap":{},"s":{"0":1,"1":0,"2":0,"3":0,"4":1},"f":{"0":0,"1":0,"2":0},"b":{},"_coverageSchema":"1a1c01bbd47fc00a2c39e90264f33305004495a9","hash":"f4a149b522dbbb942bf7e7df98a19a83d91ad43e"}
,"D:\\Lucky_Learnings\\Namasthe_React\\src\\utils\\constants.js": {"path":"D:\\Lucky_Learnings\\Namasthe_React\\src\\utils\\constants.js","statementMap":{"0":{"start":{"line":1,"column":24},"end":{"line":1,"column":143}},"1":{"start":{"line":3,"column":23},"end":{"line":3,"column":77}}},"fnMap":{},"branchMap":{},"s":{"0":2,"1":2},"f":{},"b":{},"_coverageSchema":"1a1c01bbd47fc00a2c39e90264f33305004495a9","hash":"43bd8e05ce9a0ed2f7d3cd80ab31de60a68981c6"}
,"D:\\Lucky_Learnings\\Namasthe_React\\src\\utils\\useOnlineStatus.js": {"path":"D:\\Lucky_Learnings\\Namasthe_React\\src\\utils\\useOnlineStatus.js","statementMap":{"0":{"start":{"line":5,"column":24},"end":{"line":18,"column":1}},"1":{"start":{"line":7,"column":44},"end":{"line":7,"column":58}},"2":{"start":{"line":9,"column":4},"end":{"line":11,"column":6}},"3":{"start":{"line":10,"column":8},"end":{"line":10,"column":31}},"4":{"start":{"line":13,"column":4},"end":{"line":15,"column":6}},"5":{"start":{"line":14,"column":8},"end":{"line":14,"column":30}},"6":{"start":{"line":17,"column":4},"end":{"line":17,"column":24}}},"fnMap":{"0":{"name":"(anonymous_0)","decl":{"start":{"line":5,"column":24},"end":{"line":5,"column":25}},"loc":{"start":{"line":5,"column":30},"end":{"line":18,"column":1}},"line":5},"1":{"name":"(anonymous_1)","decl":{"start":{"line":9,"column":39},"end":{"line":9,"column":40}},"loc":{"start":{"line":9,"column":43},"end":{"line":11,"column":5}},"line":9},"2":{"name":"(anonymous_2)","decl":{"start":{"line":13,"column":38},"end":{"line":13,"column":39}},"loc":{"start":{"line":13,"column":42},"end":{"line":15,"column":5}},"line":13}},"branchMap":{},"s":{"0":1,"1":4,"2":4,"3":0,"4":4,"5":0,"6":4},"f":{"0":4,"1":0,"2":0},"b":{},"_coverageSchema":"1a1c01bbd47fc00a2c39e90264f33305004495a9","hash":"b67b70cb06ec0b437124fbcc5e5a09e64166e6a7"}
}
