TN:
SF:src\components\BodyComponent.js
FN:8,(anonymous_0)
FN:14,(anonymous_1)
FN:20,(anonymous_2)
FN:48,(anonymous_3)
FN:51,(anonymous_4)
FN:54,(anonymous_5)
FN:64,(anonymous_6)
FN:66,(anonymous_7)
FN:76,(anonymous_8)
FNF:9
FNH:7
FNDA:5,(anonymous_0)
FNDA:1,(anonymous_1)
FNDA:1,(anonymous_2)
FNDA:1,(anonymous_3)
FNDA:1,(anonymous_4)
FNDA:8,(anonymous_5)
FNDA:0,(anonymous_6)
FNDA:0,(anonymous_7)
FNDA:17,(anonymous_8)
DA:8,1
DA:9,5
DA:10,4
DA:11,4
DA:12,4
DA:14,4
DA:15,1
DA:20,4
DA:26,1
DA:27,1
DA:28,1
DA:29,1
DA:30,1
DA:31,1
DA:32,1
DA:37,4
DA:39,4
DA:40,1
DA:41,3
DA:42,0
DA:44,3
DA:49,1
DA:54,1
DA:55,8
DA:58,1
DA:65,0
DA:66,0
DA:68,0
DA:77,17
LF:29
LH:25
BRDA:39,0,0,1
BRDA:39,0,1,3
BRDA:41,1,0,0
BRDA:41,1,1,3
BRDA:79,2,0,0
BRDA:79,2,1,17
BRF:6
BRH:4
end_of_record
TN:
SF:src\components\Contact.js
FN:1,(anonymous_0)
FNF:1
FNH:1
FNDA:4,(anonymous_0)
DA:1,1
DA:2,4
LF:2
LH:2
BRF:0
BRH:0
end_of_record
TN:
SF:src\components\HeaderComponent.js
FN:7,(anonymous_0)
FN:13,(anonymous_1)
FN:37,(anonymous_2)
FNF:3
FNH:3
FNDA:4,(anonymous_0)
FNDA:7,(anonymous_1)
FNDA:1,(anonymous_2)
DA:7,1
DA:9,4
DA:10,4
DA:13,7
DA:17,4
DA:38,1
LF:6
LH:6
BRDA:24,0,0,4
BRDA:24,0,1,0
BRDA:38,1,0,1
BRDA:38,1,1,0
BRF:4
BRH:2
end_of_record
TN:
SF:src\components\RestaurantCardComponent.js
FN:18,(anonymous_0)
FN:35,(anonymous_1)
FN:36,(anonymous_2)
FNF:3
FNH:2
FNDA:18,(anonymous_0)
FNDA:4,(anonymous_1)
FNDA:0,(anonymous_2)
DA:18,2
DA:19,18
DA:20,18
DA:21,18
DA:22,18
DA:23,18
DA:35,2
DA:36,4
DA:37,0
LF:9
LH:8
BRF:0
BRH:0
end_of_record
TN:
SF:src\components\ShimmerComponent.js
FN:3,(anonymous_0)
FNF:1
FNH:1
FNDA:1,(anonymous_0)
DA:3,1
DA:4,1
LF:2
LH:2
BRF:0
BRH:0
end_of_record
TN:
SF:src\components\sum.js
FN:1,(anonymous_0)
FNF:1
FNH:1
FNDA:1,(anonymous_0)
DA:1,1
DA:2,1
LF:2
LH:2
BRF:0
BRH:0
end_of_record
TN:
SF:src\utils\appStore.js
FNF:0
FNH:0
DA:4,1
LF:1
LH:1
BRF:0
BRH:0
end_of_record
TN:
SF:src\utils\cartSlice.js
FN:10,(anonymous_0)
FN:13,(anonymous_1)
FN:16,(anonymous_2)
FNF:3
FNH:0
FNDA:0,(anonymous_0)
FNDA:0,(anonymous_1)
FNDA:0,(anonymous_2)
DA:4,1
DA:11,0
DA:14,0
DA:17,0
DA:23,1
LF:5
LH:2
BRF:0
BRH:0
end_of_record
TN:
SF:src\utils\constants.js
FNF:0
FNH:0
DA:1,3
DA:3,3
LF:2
LH:2
BRF:0
BRH:0
end_of_record
TN:
SF:src\utils\useOnlineStatus.js
FN:5,(anonymous_0)
FN:9,(anonymous_1)
FN:13,(anonymous_2)
FNF:3
FNH:1
FNDA:8,(anonymous_0)
FNDA:0,(anonymous_1)
FNDA:0,(anonymous_2)
DA:5,2
DA:7,8
DA:9,8
DA:10,0
DA:13,8
DA:14,0
DA:17,8
LF:7
LH:5
BRF:0
BRH:0
end_of_record
